This is pdfTeX, Version 3.1415926-2.3-1.40.12 (TeX Live 2011) (format=pdflatex 2011.7.3)  24 NOV 2014 13:16
entering extended mode
 restricted \write18 enabled.
 %&-line parsing enabled.
**analysis.tex
(./analysis.tex
LaTeX2e <2009/09/24>
Babel <v3.8l> and hyphenation patterns for english, dumylang, nohyphenation, ge
rman-x-2009-06-19, ngerman-x-2009-06-19, afrikaans, ancientgreek, ibycus, arabi
c, armenian, basque, bulgarian, catalan, pinyin, coptic, croatian, czech, danis
h, dutch, ukenglish, usenglishmax, esperanto, estonian, ethiopic, farsi, finnis
h, french, galician, german, ngerman, swissgerman, monogreek, greek, hungarian,
 icelandic, assamese, bengali, gujarati, hindi, kannada, malayalam, marathi, or
iya, panjabi, tamil, telugu, indonesian, interlingua, irish, italian, kurmanji,
 lao, latin, latvian, lithuanian, mongolian, mongolianlmc, bokmal, nynorsk, pol
ish, portuguese, romanian, russian, sanskrit, serbian, serbianc, slovak, sloven
ian, spanish, swedish, turkish, turkmen, ukrainian, uppersorbian, welsh, loaded
.
(/usr/local/texlive/2011/texmf-dist/tex/latex/base/article.cls
Document Class: article 2007/10/19 v1.4h Standard LaTeX document class
(/usr/local/texlive/2011/texmf-dist/tex/latex/base/size10.clo
File: size10.clo 2007/10/19 v1.4h Standard LaTeX file (size option)
)
\c@part=\count79
\c@section=\count80
\c@subsection=\count81
\c@subsubsection=\count82
\c@paragraph=\count83
\c@subparagraph=\count84
\c@figure=\count85
\c@table=\count86
\abovecaptionskip=\skip41
\belowcaptionskip=\skip42
\bibindent=\dimen102
)
(/usr/local/texlive/2011/texmf-dist/tex/latex/graphics/graphicx.sty
Package: graphicx 1999/02/16 v1.0f Enhanced LaTeX Graphics (DPC,SPQR)

(/usr/local/texlive/2011/texmf-dist/tex/latex/graphics/keyval.sty
Package: keyval 1999/03/16 v1.13 key=value parser (DPC)
\KV@toks@=\toks14
)
(/usr/local/texlive/2011/texmf-dist/tex/latex/graphics/graphics.sty
Package: graphics 2009/02/05 v1.0o Standard LaTeX Graphics (DPC,SPQR)

(/usr/local/texlive/2011/texmf-dist/tex/latex/graphics/trig.sty
Package: trig 1999/03/16 v1.09 sin cos tan (DPC)
)
(/usr/local/texlive/2011/texmf-dist/tex/latex/latexconfig/graphics.cfg
File: graphics.cfg 2010/04/23 v1.9 graphics configuration of TeX Live
)
Package graphics Info: Driver file: pdftex.def on input line 91.

(/usr/local/texlive/2011/texmf-dist/tex/latex/pdftex-def/pdftex.def
File: pdftex.def 2011/05/27 v0.06d Graphics/color for pdfTeX

(/usr/local/texlive/2011/texmf-dist/tex/generic/oberdiek/infwarerr.sty
Package: infwarerr 2010/04/08 v1.3 Providing info/warning/message (HO)
)
(/usr/local/texlive/2011/texmf-dist/tex/generic/oberdiek/ltxcmds.sty
Package: ltxcmds 2011/04/18 v1.20 LaTeX kernel commands for general use (HO)
)
\Gread@gobject=\count87
))
\Gin@req@height=\dimen103
\Gin@req@width=\dimen104
)
(/usr/local/texlive/2011/texmf-dist/tex/latex/mh/xfrac.sty
(/usr/local/texlive/2011/texmf-dist/tex/latex/expl3/expl3.sty
(/usr/local/texlive/2011/texmf-dist/tex/latex/expl3/l3names.sty
Package: l3names 2011/01/08 v2122 L3 Experimental Naming Scheme for TeX Primiti
ves
)
Package: expl3 2011/04/09 v2222 L3 Experimental code bundle wrapper

(/usr/local/texlive/2011/texmf-dist/tex/latex/etex-pkg/etex.sty
Package: etex 1998/03/26 v2.0 eTeX basic definition package (PEB)
\et@xins=\count88
)
(/usr/local/texlive/2011/texmf-dist/tex/latex/expl3/l3basics.sty
Package: l3basics 2011/04/23 v2246 L3 Experimental basic definitions
)
(/usr/local/texlive/2011/texmf-dist/tex/latex/expl3/l3expan.sty
Package: l3expan 2011/04/09 v2223 L3 Experimental Argument Expansion module
)
(/usr/local/texlive/2011/texmf-dist/tex/latex/expl3/l3tl.sty
Package: l3tl 2011/04/09 v2223 L3 Experimental Token Lists
)
(/usr/local/texlive/2011/texmf-dist/tex/latex/expl3/l3int.sty
Package: l3int 2011/04/11 v2229 L3 Experimental Integer module
\l_tmpa_int=\count89
\l_tmpb_int=\count90
\l_tmpc_int=\count91
\g_tmpa_int=\count92
\g_tmpb_int=\count93
\c_max_int=\count94
\g_tl_inline_level_int=\count95
\g_prg_inline_level_int=\count96
)
(/usr/local/texlive/2011/texmf-dist/tex/latex/expl3/l3quark.sty
Package: l3quark 2011/04/14 v2234 L3 Experimental Quark Commands
)
(/usr/local/texlive/2011/texmf-dist/tex/latex/expl3/l3seq.sty
Package: l3seq 2011/04/21 v2245 The LaTeX3 kernel: sequences and stacks
\g_seq_nesting_depth_int=\count97
)
(/usr/local/texlive/2011/texmf-dist/tex/latex/expl3/l3toks.sty
Package: l3toks 2011/04/09 v2223 L3 Experimental Token Registers
\l_tmpb_toks=\toks15
\l_tmpc_toks=\toks16
\g_tmpa_toks=\toks17
\g_tmpb_toks=\toks18
\g_tmpc_toks=\toks19
\c_empty_toks=\toks20
\l_tl_replace_toks=\toks21
)
(/usr/local/texlive/2011/texmf-dist/tex/latex/expl3/l3prg.sty
Package: l3prg 2011/04/09 v2223 L3 Experimental control structures
)
(/usr/local/texlive/2011/texmf-dist/tex/latex/expl3/l3clist.sty
Package: l3clist 2011/04/09 v2223 L3 Experimental comma separated lists
\g_clist_map_inline_int=\count98
)
(/usr/local/texlive/2011/texmf-dist/tex/latex/expl3/l3token.sty
Package: l3token 2011/04/09 v2223 L3 Experimental token investigation and manip
ulation
)
(/usr/local/texlive/2011/texmf-dist/tex/latex/expl3/l3prop.sty
Package: l3prop 2011/04/09 v2223 L3 Experimental Property Lists
\g_prop_inline_level_int=\count99
)
(/usr/local/texlive/2011/texmf-dist/tex/latex/expl3/l3msg.sty
Package: l3msg 2010/10/02 v2052 L3 Experimental LaTeX Messages module
\l_msg_redirect_classes_prop=\toks22
\l_msg_redirect_names_prop=\toks23
\l_msg_redirect_fatal_prop=\toks24
\l_msg_redirect_error_prop=\toks25
\l_msg_redirect_warning_prop=\toks26
\l_msg_redirect_info_prop=\toks27
\l_msg_redirect_log_prop=\toks28
\l_msg_redirect_trace_prop=\toks29
\l_msg_redirect_none_prop=\toks30
)
(/usr/local/texlive/2011/texmf-dist/tex/latex/expl3/l3io.sty
Package: l3io 2010/10/03 v2063 L3 Experimental i/o module
\g_iow_streams_prop=\toks31
\g_ior_streams_prop=\toks32
\l_iow_stream_int=\count100
)
(/usr/local/texlive/2011/texmf-dist/tex/latex/expl3/l3skip.sty
Package: l3skip 2011/02/15 v2149 L3 Experimental skip registers
\l_tmpa_skip=\skip43
\l_tmpb_skip=\skip44
\l_tmpc_skip=\skip45
\g_tmpa_skip=\skip46
\g_tmpb_skip=\skip47
\l_tmpa_dim=\dimen105
\l_tmpb_dim=\dimen106
\l_tmpc_dim=\dimen107
\l_tmpd_dim=\dimen108
\g_tmpa_dim=\dimen109
\g_tmpb_dim=\dimen110
)
(/usr/local/texlive/2011/texmf-dist/tex/latex/expl3/l3box.sty
Package: l3box 2011/04/09 v2223 L3 Experimental Box module
\l_tmpb_box=\box26
)
(/usr/local/texlive/2011/texmf-dist/tex/latex/expl3/l3keyval.sty
Package: l3keyval 2011/04/09 v2223 L3 Experimental keyval processing
\l_KV_level_int=\count101
)
(/usr/local/texlive/2011/texmf-dist/tex/latex/expl3/l3keys.sty
Package: l3keys 2010/11/11 v2082 L3 Experimental key-value support
\l_keys_choice_int=\count102
)
(/usr/local/texlive/2011/texmf-dist/tex/latex/expl3/l3precom.sty
Package: l3precom 2011/04/09 v2223 L3 Experimental precompilation module
\g_gen_sym_int=\count103
\g_ggen_sym_int=\count104
)
(/usr/local/texlive/2011/texmf-dist/tex/latex/expl3/l3xref.sty
Package: l3xref 2011/04/09 v2223 L3 Experimental cross referencing
\g_xref_all_curr_immediate_fields_prop=\toks33
\g_xref_all_curr_deferred_fields_prop=\toks34
)
(/usr/local/texlive/2011/texmf-dist/tex/latex/expl3/l3file.sty
Package: l3file 2011/04/21 v2242 The LaTeX3 kernel: file operations
)
(/usr/local/texlive/2011/texmf-dist/tex/latex/expl3/l3fp.sty
Package: l3fp 2011/03/19 v2201 L3 Experimental floating-point operations
\c_one_million=\count105
\c_one_hundred_million=\count106
\c_five_hundred_million=\count107
\c_one_thousand_million=\count108
\c_fp_pi_by_four_decimal_int=\count109
\c_fp_pi_by_four_extended_int=\count110
\c_fp_pi_decimal_int=\count111
\c_fp_pi_extended_int=\count112
\c_fp_two_pi_decimal_int=\count113
\c_fp_two_pi_extended_int=\count114
\l_fp_count_int=\count115
\l_fp_div_offset_int=\count116
\l_fp_exp_integer_int=\count117
\l_fp_exp_decimal_int=\count118
\l_fp_exp_extended_int=\count119
\l_fp_exp_exponent_int=\count120
\l_fp_input_a_sign_int=\count121
\l_fp_input_a_integer_int=\count122
\l_fp_input_a_decimal_int=\count123
\l_fp_input_a_exponent_int=\count124
\l_fp_input_b_sign_int=\count125
\l_fp_input_b_integer_int=\count126
\l_fp_input_b_decimal_int=\count127
\l_fp_input_b_exponent_int=\count128
\l_fp_input_a_extended_int=\count129
\l_fp_input_b_extended_int=\count130
\l_fp_mul_a_i_int=\count131
\l_fp_mul_a_ii_int=\count132
\l_fp_mul_a_iii_int=\count133
\l_fp_mul_a_iv_int=\count134
\l_fp_mul_a_v_int=\count135
\l_fp_mul_a_vi_int=\count136
\l_fp_mul_b_i_int=\count137
\l_fp_mul_b_ii_int=\count138
\l_fp_mul_b_iii_int=\count139
\l_fp_mul_b_iv_int=\count140
\l_fp_mul_b_v_int=\count141
\l_fp_mul_b_vi_int=\count142
\l_fp_mul_output_int=\count143
\l_fp_output_sign_int=\count144
\l_fp_output_integer_int=\count145
\l_fp_output_decimal_int=\count146
\l_fp_output_exponent_int=\count147
\l_fp_output_extended_int=\count148
\l_fp_round_position_int=\count149
\l_fp_round_target_int=\count150
\l_fp_split_sign_int=\count151
\l_fp_tmp_int=\count152
\l_fp_trig_octant_int=\count153
\l_fp_trig_sign_int=\count154
\l_fp_trig_decimal_int=\count155
\l_fp_trig_extended_int=\count156
\l_fp_tmp_dim=\dimen111
\l_fp_tmp_skip=\skip48
)
(/usr/local/texlive/2011/texmf-dist/tex/latex/expl3/l3luatex.sty
Package: l3luatex 2010/07/18 v1985 L3 Experimental LuaTeX functions
\g_cctab_allocate_int=\count157
\g_cctab_stack_int=\count158
)
(/usr/local/texlive/2011/texmf-dist/tex/latex/tools/calc.sty
Package: calc 2007/08/22 v4.3 Infix arithmetic (KKT,FJ)
\calc@Acount=\count159
\calc@Bcount=\count160
\calc@Adimen=\dimen112
\calc@Bdimen=\dimen113
\calc@Askip=\skip49
\calc@Bskip=\skip50
LaTeX Info: Redefining \setlength on input line 76.
LaTeX Info: Redefining \addtolength on input line 77.
\calc@Ccount=\count161
\calc@Cskip=\skip51
))
Package: xfrac 2010/02/02 v0.3 Text fractions

(/usr/local/texlive/2011/texmf-dist/tex/latex/amsmath/amstext.sty
Package: amstext 2000/06/29 v2.01

(/usr/local/texlive/2011/texmf-dist/tex/latex/amsmath/amsgen.sty
File: amsgen.sty 1999/11/30 v2.0
\@emptytoks=\toks35
\ex@=\dimen114
))
(/usr/local/texlive/2011/texmf-dist/tex/latex/xpackages/xtras/l3keys2e.sty
Package: l3keys2e 2011/05/06 v2320 Parsing LaTeX3 keyvals as LaTeX2e package op
tions

(/usr/local/texlive/2011/texmf-dist/tex/latex/xpackages/xbase/xparse.sty
Package: xparse 2011/04/08 v2219 Generic document command parser
\c_xparse_shorthands_prop=\toks36
\l_xparse_m_args_int=\count162
\l_xparse_mandatory_args_int=\count163
\l_xparse_processor_int=\count164
\l_xparse_total_args_int=\count165
))
(/usr/local/texlive/2011/texmf-dist/tex/latex/base/textcomp.sty
Package: textcomp 2005/09/27 v1.99g Standard LaTeX package
Package textcomp Info: Sub-encoding information:
(textcomp)               5 = only ISO-Adobe without \textcurrency
(textcomp)               4 = 5 + \texteuro
(textcomp)               3 = 4 + \textohm
(textcomp)               2 = 3 + \textestimated + \textcurrency
(textcomp)               1 = TS1 - \textcircled - \t
(textcomp)               0 = TS1 (full)
(textcomp)             Font families with sub-encoding setting implement
(textcomp)             only a restricted character set as indicated.
(textcomp)             Family '?' is the default used for unknown fonts.
(textcomp)             See the documentation for details.
Package textcomp Info: Setting ? sub-encoding to TS1/1 on input line 71.

(/usr/local/texlive/2011/texmf-dist/tex/latex/base/ts1enc.def
File: ts1enc.def 2001/06/05 v3.0e (jk/car/fm) Standard LaTeX file
)
LaTeX Info: Redefining \oldstylenums on input line 266.
Package textcomp Info: Setting cmr sub-encoding to TS1/0 on input line 281.
Package textcomp Info: Setting cmss sub-encoding to TS1/0 on input line 282.
Package textcomp Info: Setting cmtt sub-encoding to TS1/0 on input line 283.
Package textcomp Info: Setting cmvtt sub-encoding to TS1/0 on input line 284.
Package textcomp Info: Setting cmbr sub-encoding to TS1/0 on input line 285.
Package textcomp Info: Setting cmtl sub-encoding to TS1/0 on input line 286.
Package textcomp Info: Setting ccr sub-encoding to TS1/0 on input line 287.
Package textcomp Info: Setting ptm sub-encoding to TS1/4 on input line 288.
Package textcomp Info: Setting pcr sub-encoding to TS1/4 on input line 289.
Package textcomp Info: Setting phv sub-encoding to TS1/4 on input line 290.
Package textcomp Info: Setting ppl sub-encoding to TS1/3 on input line 291.
Package textcomp Info: Setting pag sub-encoding to TS1/4 on input line 292.
Package textcomp Info: Setting pbk sub-encoding to TS1/4 on input line 293.
Package textcomp Info: Setting pnc sub-encoding to TS1/4 on input line 294.
Package textcomp Info: Setting pzc sub-encoding to TS1/4 on input line 295.
Package textcomp Info: Setting bch sub-encoding to TS1/4 on input line 296.
Package textcomp Info: Setting put sub-encoding to TS1/5 on input line 297.
Package textcomp Info: Setting uag sub-encoding to TS1/5 on input line 298.
Package textcomp Info: Setting ugq sub-encoding to TS1/5 on input line 299.
Package textcomp Info: Setting ul8 sub-encoding to TS1/4 on input line 300.
Package textcomp Info: Setting ul9 sub-encoding to TS1/4 on input line 301.
Package textcomp Info: Setting augie sub-encoding to TS1/5 on input line 302.
Package textcomp Info: Setting dayrom sub-encoding to TS1/3 on input line 303.
Package textcomp Info: Setting dayroms sub-encoding to TS1/3 on input line 304.

Package textcomp Info: Setting pxr sub-encoding to TS1/0 on input line 305.
Package textcomp Info: Setting pxss sub-encoding to TS1/0 on input line 306.
Package textcomp Info: Setting pxtt sub-encoding to TS1/0 on input line 307.
Package textcomp Info: Setting txr sub-encoding to TS1/0 on input line 308.
Package textcomp Info: Setting txss sub-encoding to TS1/0 on input line 309.
Package textcomp Info: Setting txtt sub-encoding to TS1/0 on input line 310.
Package textcomp Info: Setting futs sub-encoding to TS1/4 on input line 311.
Package textcomp Info: Setting futx sub-encoding to TS1/4 on input line 312.
Package textcomp Info: Setting futj sub-encoding to TS1/4 on input line 313.
Package textcomp Info: Setting hlh sub-encoding to TS1/3 on input line 314.
Package textcomp Info: Setting hls sub-encoding to TS1/3 on input line 315.
Package textcomp Info: Setting hlst sub-encoding to TS1/3 on input line 316.
Package textcomp Info: Setting hlct sub-encoding to TS1/5 on input line 317.
Package textcomp Info: Setting hlx sub-encoding to TS1/5 on input line 318.
Package textcomp Info: Setting hlce sub-encoding to TS1/5 on input line 319.
Package textcomp Info: Setting hlcn sub-encoding to TS1/5 on input line 320.
Package textcomp Info: Setting hlcw sub-encoding to TS1/5 on input line 321.
Package textcomp Info: Setting hlcf sub-encoding to TS1/5 on input line 322.
Package textcomp Info: Setting pplx sub-encoding to TS1/3 on input line 323.
Package textcomp Info: Setting pplj sub-encoding to TS1/3 on input line 324.
Package textcomp Info: Setting ptmx sub-encoding to TS1/4 on input line 325.
Package textcomp Info: Setting ptmj sub-encoding to TS1/4 on input line 326.
)
(/usr/local/texlive/2011/texmf-dist/tex/latex/xpackages/xbase/xtemplate.sty
Package: xtemplate 2011/01/03 v2115 Prototype document functions
\g_xtemplate_object_type_prop=\toks37
\l_xtemplate_collections_prop=\toks38
\l_xtemplate_keytypes_prop=\toks39
\l_xtemplate_values_prop=\toks40
\l_xtemplate_vars_prop=\toks41
\l_xtemplate_tmp_dim=\dimen115
\l_xtemplate_tmp_int=\count166
\l_xtemplate_tmp_skip=\skip52
)
\l_xfrac_slash_box=\box27
\l_xfrac_tmp_box=\box28
\l_xfrac_denominator_bot_sep_dim=\dimen116
\l_xfrac_numerator_bot_sep_dim=\dimen117
\l_xfrac_numerator_top_sep_dim=\dimen118
\l_xfrac_slash_left_sep_dim=\dimen119
\l_xfrac_slash_right_sep_dim=\dimen120
 LaTeX info: Defining object type 'xfrac' with 3 argument(s) on line 71.

\g_xtemplate_defaults>xfrac/text_prop=\toks42
 LaTeX info: Defining template interface for 'xfrac/text' on line 97.

\g_xtemplate_keytypes>xfrac/text_prop=\toks43
 LaTeX info: Defining template code for 'xfrac/text' on line 303.

\g_xtemplate_vars>xfrac/text_prop=\toks44
\g_xtemplate_defaults>xfrac/math_prop=\toks45
 LaTeX info: Defining template interface for 'xfrac/math' on line 316.

\g_xtemplate_keytypes>xfrac/math_prop=\toks46
 LaTeX info: Defining template code for 'xfrac/math' on line 316.

\g_xtemplate_vars>xfrac/math_prop=\toks47
\l_xtemplate_values>xfrac//default_prop=\toks48
\l_xtemplate_values>xfrac//mathdefault_prop=\toks49
\l_xtemplate_values>xfrac/plainmath/mathdefault_prop=\toks50
\l_xtemplate_values>xfrac//cmr_prop=\toks51
\l_xtemplate_values>xfrac//cmss_prop=\toks52
\l_xtemplate_values>xfrac//cmtt_prop=\toks53
\l_xtemplate_values>xfrac//lmr_prop=\toks54
\l_xtemplate_values>xfrac//lmss_prop=\toks55
\l_xtemplate_values>xfrac//lmtt_prop=\toks56
 LaTeX info: Defining document command \sfrac
(LaTeX)  with arg. spec. 'omom' on line 396.

)
(/usr/local/texlive/2011/texmf-dist/tex/latex/float/float.sty
Package: float 2001/11/08 v1.3d Float enhancements (AL)
\c@float@type=\count167
\float@exts=\toks57
\float@box=\box29
\@float@everytoks=\toks58
\@floatcapt=\box30
)
(/usr/local/texlive/2011/texmf-dist/tex/latex/amsmath/amsmath.sty
Package: amsmath 2000/07/18 v2.13 AMS math features
\@mathmargin=\skip53

For additional information on amsmath, use the `?' option.
(/usr/local/texlive/2011/texmf-dist/tex/latex/amsmath/amsbsy.sty
Package: amsbsy 1999/11/29 v1.2d
\pmbraise@=\dimen121
)
(/usr/local/texlive/2011/texmf-dist/tex/latex/amsmath/amsopn.sty
Package: amsopn 1999/12/14 v2.01 operator names
)
\inf@bad=\count168
LaTeX Info: Redefining \frac on input line 211.
\uproot@=\count169
\leftroot@=\count170
LaTeX Info: Redefining \overline on input line 307.
\classnum@=\count171
\DOTSCASE@=\count172
LaTeX Info: Redefining \ldots on input line 379.
LaTeX Info: Redefining \dots on input line 382.
LaTeX Info: Redefining \cdots on input line 467.
\Mathstrutbox@=\box31
\strutbox@=\box32
\big@size=\dimen122
LaTeX Font Info:    Redeclaring font encoding OML on input line 567.
LaTeX Font Info:    Redeclaring font encoding OMS on input line 568.
\macc@depth=\count173
\c@MaxMatrixCols=\count174
\dotsspace@=\muskip10
\c@parentequation=\count175
\dspbrk@lvl=\count176
\tag@help=\toks59
\row@=\count177
\column@=\count178
\maxfields@=\count179
\andhelp@=\toks60
\eqnshift@=\dimen123
\alignsep@=\dimen124
\tagshift@=\dimen125
\tagwidth@=\dimen126
\totwidth@=\dimen127
\lineht@=\dimen128
\@envbody=\toks61
\multlinegap=\skip54
\multlinetaggap=\skip55
\mathdisplay@stack=\toks62
LaTeX Info: Redefining \[ on input line 2666.
LaTeX Info: Redefining \] on input line 2667.
)
(/usr/local/texlive/2011/texmf-dist/tex/latex/caption/caption.sty
Package: caption 2010/01/09 v3.1m Customizing captions (AR)

(/usr/local/texlive/2011/texmf-dist/tex/latex/caption/caption3.sty
Package: caption3 2010/01/14 v3.1m caption3 kernel (AR)
\captionmargin=\dimen129
\captionmargin@=\dimen130
\captionwidth=\dimen131
\caption@indent=\dimen132
\caption@parindent=\dimen133
\caption@hangindent=\dimen134
)
\c@ContinuedFloat=\count180
Package caption Info: float package is loaded.
)
(./analysis.aux)
\openout1 = `analysis.aux'.

LaTeX Font Info:    Checking defaults for OML/cmm/m/it on input line 14.
LaTeX Font Info:    ... okay on input line 14.
LaTeX Font Info:    Checking defaults for T1/cmr/m/n on input line 14.
LaTeX Font Info:    ... okay on input line 14.
LaTeX Font Info:    Checking defaults for OT1/cmr/m/n on input line 14.
LaTeX Font Info:    ... okay on input line 14.
LaTeX Font Info:    Checking defaults for OMS/cmsy/m/n on input line 14.
LaTeX Font Info:    ... okay on input line 14.
LaTeX Font Info:    Checking defaults for OMX/cmex/m/n on input line 14.
LaTeX Font Info:    ... okay on input line 14.
LaTeX Font Info:    Checking defaults for U/cmr/m/n on input line 14.
LaTeX Font Info:    ... okay on input line 14.
LaTeX Font Info:    Checking defaults for TS1/cmr/m/n on input line 14.
LaTeX Font Info:    Try loading font information for TS1+cmr on input line 14.
 (/usr/local/texlive/2011/texmf-dist/tex/latex/base/ts1cmr.fd
File: ts1cmr.fd 1999/05/25 v2.5h Standard LaTeX font definitions
)
LaTeX Font Info:    ... okay on input line 14.

(/usr/local/texlive/2011/texmf-dist/tex/context/base/supp-pdf.mkii
[Loading MPS to PDF converter (version 2006.09.02).]
\scratchcounter=\count181
\scratchdimen=\dimen135
\scratchbox=\box33
\nofMPsegments=\count182
\nofMParguments=\count183
\everyMPshowfont=\toks63
\MPscratchCnt=\count184
\MPscratchDim=\dimen136
\MPnumerator=\count185
\makeMPintoPDFobject=\count186
\everyMPtoPDFconversion=\toks64
) (/usr/local/texlive/2011/texmf-dist/tex/generic/oberdiek/pdftexcmds.sty
Package: pdftexcmds 2011/04/22 v0.16 Utilities of pdfTeX for LuaTeX (HO)

(/usr/local/texlive/2011/texmf-dist/tex/generic/oberdiek/ifluatex.sty
Package: ifluatex 2010/03/01 v1.3 Provides the ifluatex switch (HO)
Package ifluatex Info: LuaTeX not detected.
)
(/usr/local/texlive/2011/texmf-dist/tex/generic/oberdiek/ifpdf.sty
Package: ifpdf 2011/01/30 v2.3 Provides the ifpdf switch (HO)
Package ifpdf Info: pdfTeX in PDF mode is detected.
)
Package pdftexcmds Info: LuaTeX not detected.
Package pdftexcmds Info: \pdf@primitive is available.
Package pdftexcmds Info: \pdf@ifprimitive is available.
Package pdftexcmds Info: \pdfdraftmode found.
)
(/usr/local/texlive/2011/texmf-dist/tex/latex/oberdiek/epstopdf-base.sty
Package: epstopdf-base 2010/02/09 v2.5 Base part for package epstopdf

(/usr/local/texlive/2011/texmf-dist/tex/latex/oberdiek/grfext.sty
Package: grfext 2010/08/19 v1.1 Managing graphics extensions (HO)

(/usr/local/texlive/2011/texmf-dist/tex/generic/oberdiek/kvdefinekeys.sty
Package: kvdefinekeys 2011/04/07 v1.3 Defining keys (HO)
))
(/usr/local/texlive/2011/texmf-dist/tex/latex/oberdiek/kvoptions.sty
Package: kvoptions 2010/12/23 v3.10 Keyval support for LaTeX options (HO)

(/usr/local/texlive/2011/texmf-dist/tex/generic/oberdiek/kvsetkeys.sty
Package: kvsetkeys 2011/04/07 v1.13 Key value parser (HO)

(/usr/local/texlive/2011/texmf-dist/tex/generic/oberdiek/etexcmds.sty
Package: etexcmds 2011/02/16 v1.5 Prefix for e-TeX command names (HO)
Package etexcmds Info: Could not find \expanded.
(etexcmds)             That can mean that you are not using pdfTeX 1.50 or
(etexcmds)             that some package has redefined \expanded.
(etexcmds)             In the latter case, load this package earlier.
)))
Package grfext Info: Graphics extension search list:
(grfext)             [.png,.pdf,.jpg,.mps,.jpeg,.jbig2,.jb2,.PNG,.PDF,.JPG,.JPE
G,.JBIG2,.JB2,.eps]
(grfext)             \AppendGraphicsExtensions on input line 452.

(/usr/local/texlive/2011/texmf-dist/tex/latex/latexconfig/epstopdf-sys.cfg
File: epstopdf-sys.cfg 2010/07/13 v1.3 Configuration of (r)epstopdf for TeX Liv
e
))
Package caption Info: Begin \AtBeginDocument code.
Package caption Info: End \AtBeginDocument code.
LaTeX Font Info:    Calculating math sizes for size <6.99997> on input line 26.



LaTeX Font Warning: Font shape `OT1/cmr/m/n' in size <3.49998> not available
(Font)              size <5> substituted on input line 26.


LaTeX Font Warning: Font shape `OML/cmm/m/it' in size <3.49998> not available
(Font)              size <5> substituted on input line 26.


LaTeX Font Warning: Font shape `OMS/cmsy/m/n' in size <3.49998> not available
(Font)              size <5> substituted on input line 26.

[1

{/usr/local/texlive/2011/texmf-var/fonts/map/pdftex/updmap/pdftex.map}]
[2] (./analysis.aux)

LaTeX Font Warning: Size substitutions with differences
(Font)              up to 3.25002pt have occurred.

 ) 
Here is how much of TeX's memory you used:
 8027 strings out of 493633
 137839 string characters out of 3143378
 203363 words of memory out of 3000000
 11215 multiletter control sequences out of 15000+200000
 6515 words of font info for 26 fonts, out of 3000000 for 9000
 831 hyphenation exceptions out of 8191
 38i,19n,38p,238b,449s stack positions out of 5000i,500n,10000p,200000b,50000s
</usr/local/texlive/2011/texmf-dist/fonts/type1/public/amsfonts/cm/cmbx12.pfb
></usr/local/texlive/2011/texmf-dist/fonts/type1/public/amsfonts/cm/cmmi10.pfb>
</usr/local/texlive/2011/texmf-dist/fonts/type1/public/amsfonts/cm/cmmi5.pfb></
usr/local/texlive/2011/texmf-dist/fonts/type1/public/amsfonts/cm/cmmi7.pfb></us
r/local/texlive/2011/texmf-dist/fonts/type1/public/amsfonts/cm/cmr10.pfb></usr/
local/texlive/2011/texmf-dist/fonts/type1/public/amsfonts/cm/cmr7.pfb></usr/loc
al/texlive/2011/texmf-dist/fonts/type1/public/amsfonts/cm/cmsy10.pfb></usr/loca
l/texlive/2011/texmf-dist/fonts/type1/public/amsfonts/cm/cmsy7.pfb>
Output written on analysis.pdf (2 pages, 80818 bytes).
PDF statistics:
 43 PDF objects out of 1000 (max. 8388607)
 30 compressed objects within 1 object stream
 0 named destinations out of 1000 (max. 500000)
 1 words of extra memory for PDF output out of 10000 (max. 10000000)

